2026-03-09 17:55:50 [INFO] --- Starting Installer Script Session ---
2026-03-09 17:55:50 [DEBUG] Using proactor: IocpProactor
2026-03-09 17:55:53 [DEBUG] Using proactor: IocpProactor
2026-03-09 17:56:03 [DEBUG] Using proactor: IocpProactor
2026-03-09 17:56:03 [DEBUG] Using proactor: IocpProactor
2026-03-09 17:56:06 [DEBUG] Using proactor: IocpProactor
2026-03-09 17:56:08 [DEBUG] Using proactor: IocpProactor
2026-03-09 17:56:11 [DEBUG] Using proactor: IocpProactor
2026-03-09 17:56:18 [INFO] User Inputs -> Path: E:\Server, TZ: America/Recife, Services: ['dashy', 'flaresolverr', 'jellyfin', 'jellyseerr', 'prowlarr', 'qbittorrent', 'radarr', 'sonarr'], FS: True, Dashy: True, JS: True
2026-03-09 17:56:18 [INFO] Detected LAN IP: 192.168.68.5
2026-03-09 17:56:18 [INFO] Folder structure generated/verified successfully.
2026-03-09 17:56:18 [INFO] Pre-configured qBittorrent default configurations.
2026-03-09 17:56:18 [INFO] Pre-configured Dashy layout.
2026-03-09 17:56:18 [INFO] Created docker-compose.yml file successfully.
2026-03-09 17:56:18 [INFO] Running docker compose up -d...
2026-03-09 17:56:21 [DEBUG] Docker Compose Stdout:

2026-03-09 17:56:21 [DEBUG] Docker Compose Stderr:
 Network server_default Creating 
 Network server_default Created 
 Container flaresolverr Creating 
 Container qbittorrent Creating 
 Container dashy Creating 
 Container sonarr Creating 
 Container seerr Creating 
 Container prowlarr Creating 
 Container jellyfin Creating 
 Container radarr Creating 
 Container radarr Created 
 Container sonarr Created 
 Container prowlarr Created 
 Container seerr Created 
 Container flaresolverr Created 
 Container qbittorrent Created 
 Container jellyfin Created 
 Container dashy Created 
 Container dashy Starting 
 Container prowlarr Starting 
 Container radarr Starting 
 Container flaresolverr Starting 
 Container sonarr Starting 
 Container qbittorrent Starting 
 Container seerr Starting 
 Container jellyfin Starting 
 Container prowlarr Started 
 Container qbittorrent Started 
 Container jellyfin Started 
 Container flaresolverr Started 
 Container sonarr Started 
 Container seerr Started 
 Container dashy Started 
 Container radarr Started 

2026-03-09 17:56:21 [INFO] Starting Phase 1: Boot and Initialization Threading...
2026-03-09 17:56:21 [INFO] [prowlarr] Extracting API Key...
2026-03-09 17:56:21 [INFO] [sonarr] Extracting API Key...
2026-03-09 17:56:21 [INFO] [radarr] Extracting API Key...
2026-03-09 17:56:21 [INFO] [Jellyfin] Waiting for system initialization...
2026-03-09 17:56:21 [INFO] [Jellyseerr] Waiting for public settings endpoint...
2026-03-09 17:56:28 [INFO] [prowlarr] Found API Key. Waiting for API readiness on port 9696...
2026-03-09 17:56:28 [INFO] [radarr] Found API Key. Waiting for API readiness on port 7878...
2026-03-09 17:56:28 [INFO] [sonarr] Found API Key. Waiting for API readiness on port 8989...
2026-03-09 17:56:31 [INFO] [Jellyfin] Waiting for Startup Wizard to become ready...
2026-03-09 17:56:46 [INFO] [Jellyseerr] Public API is Online. initialized=False, apiKeyPresent=False
2026-03-09 17:56:46 [INFO] [Jellyseerr] Proceeding without API key; bootstrap mode detected.
2026-03-09 17:57:07 [INFO] [prowlarr] API is Online and ready.
2026-03-09 17:57:07 [INFO] [prowlarr] Configuring credentials via API...
2026-03-09 17:57:09 [INFO] [prowlarr] Successfully set credentials.
2026-03-09 17:57:23 [INFO] [Jellyfin] Bypassing Startup Wizard and creating Admin User...
2026-03-09 17:57:27 [INFO] [Jellyfin] Setup Complete successful.
2026-03-09 17:57:27 [INFO] [Jellyfin] Ensuring default libraries exist...
2026-03-09 17:57:28 [WARNING] [radarr] Timed out waiting for API readiness, but returning key anyway.
2026-03-09 17:57:28 [INFO] [radarr] Configuring credentials via API...
2026-03-09 17:57:29 [WARNING] [radarr] GET attempt 1 failed: ('Connection aborted.', RemoteDisconnected('Remote end closed connection without response')). Retrying...
2026-03-09 17:57:29 [WARNING] [sonarr] Timed out waiting for API readiness, but returning key anyway.
2026-03-09 17:57:29 [INFO] [sonarr] Configuring credentials via API...
2026-03-09 17:57:29 [WARNING] [sonarr] GET attempt 1 failed: ('Connection aborted.', RemoteDisconnected('Remote end closed connection without response')). Retrying...
2026-03-09 17:57:29 [INFO] [Jellyfin] Created library Movies at /data/media/movies.
2026-03-09 17:57:31 [INFO] [Jellyfin] Created library TV Shows at /data/media/tv.
2026-03-09 17:57:34 [WARNING] [radarr] GET attempt 2 failed: ('Connection aborted.', RemoteDisconnected('Remote end closed connection without response')). Retrying...
2026-03-09 17:57:34 [WARNING] [sonarr] GET attempt 2 failed: ('Connection aborted.', RemoteDisconnected('Remote end closed connection without response')). Retrying...
2026-03-09 17:57:39 [WARNING] [radarr] GET attempt 3 failed: ('Connection aborted.', RemoteDisconnected('Remote end closed connection without response')). Retrying...
2026-03-09 17:57:39 [WARNING] [sonarr] GET attempt 3 failed: ('Connection aborted.', RemoteDisconnected('Remote end closed connection without response')). Retrying...
2026-03-09 17:57:44 [WARNING] [radarr] GET attempt 4 failed: ('Connection aborted.', ConnectionAbortedError(10053, 'Uma conexăo estabelecida foi anulada pelo software no computador host', None, 10053, None)). Retrying...
2026-03-09 17:57:44 [WARNING] [sonarr] GET attempt 4 failed: ('Connection aborted.', RemoteDisconnected('Remote end closed connection without response')). Retrying...
2026-03-09 17:57:49 [WARNING] [radarr] GET attempt 5 failed: ('Connection aborted.', RemoteDisconnected('Remote end closed connection without response')). Retrying...
2026-03-09 17:57:49 [WARNING] [sonarr] GET attempt 5 failed: ('Connection aborted.', RemoteDisconnected('Remote end closed connection without response')). Retrying...
2026-03-09 17:57:54 [WARNING] [radarr] GET attempt 6 failed: ('Connection aborted.', ConnectionAbortedError(10053, 'Uma conexăo estabelecida foi anulada pelo software no computador host', None, 10053, None)). Retrying...
2026-03-09 17:57:54 [WARNING] [sonarr] GET attempt 6 failed: ('Connection aborted.', RemoteDisconnected('Remote end closed connection without response')). Retrying...
2026-03-09 17:57:59 [WARNING] [radarr] GET attempt 7 failed: ('Connection aborted.', RemoteDisconnected('Remote end closed connection without response')). Retrying...
2026-03-09 17:57:59 [WARNING] [sonarr] GET attempt 7 failed: ('Connection aborted.', RemoteDisconnected('Remote end closed connection without response')). Retrying...
2026-03-09 17:58:04 [WARNING] [sonarr] GET attempt 8 failed: ('Connection aborted.', RemoteDisconnected('Remote end closed connection without response')). Retrying...
2026-03-09 17:58:05 [INFO] [radarr] Successfully set credentials.
2026-03-09 17:58:09 [WARNING] [sonarr] GET attempt 9 failed: ('Connection aborted.', RemoteDisconnected('Remote end closed connection without response')). Retrying...
2026-03-09 17:58:14 [WARNING] [sonarr] GET attempt 10 failed: ('Connection aborted.', RemoteDisconnected('Remote end closed connection without response')). Retrying...
2026-03-09 17:58:19 [WARNING] [sonarr] GET attempt 11 failed: ('Connection aborted.', RemoteDisconnected('Remote end closed connection without response')). Retrying...
2026-03-09 17:58:25 [INFO] [sonarr] Successfully set credentials.
2026-03-09 17:58:25 [INFO] Starting Phase 2: Inter-App Linking...
2026-03-09 17:58:25 [INFO] [Prowlarr] Linking App sonarr...
2026-03-09 17:58:26 [INFO] [Prowlarr] Successfully linked sonarr.
2026-03-09 17:58:26 [INFO] [sonarr] Adding qBittorrent Download Client...
2026-03-09 17:58:26 [INFO] [sonarr] qBittorrent Download Client added successfully.
2026-03-09 17:58:26 [INFO] [Prowlarr] Linking App radarr...
2026-03-09 17:58:27 [INFO] [Prowlarr] Successfully linked radarr.
2026-03-09 17:58:27 [INFO] [radarr] Adding qBittorrent Download Client...
2026-03-09 17:58:27 [INFO] [radarr] qBittorrent Download Client added successfully.
2026-03-09 17:58:27 [INFO] [Prowlarr] Linking FlareSolverr...
2026-03-09 17:58:27 [INFO] [Prowlarr] Successfully linked FlareSolverr.
2026-03-09 17:58:27 [INFO] [prowlarr] Adding qBittorrent Download Client...
2026-03-09 17:58:27 [INFO] [prowlarr] qBittorrent Download Client added successfully.
2026-03-09 17:58:27 [INFO] [Jellyseerr] Injecting server configurations...
2026-03-09 17:58:27 [INFO] [radarr] Ensuring root folder exists: /data/media/movies
2026-03-09 17:58:28 [INFO] [radarr] Created root folder entry: /data/media/movies
2026-03-09 17:58:28 [INFO] [sonarr] Ensuring root folder exists: /data/media/tv
2026-03-09 17:58:28 [INFO] [sonarr] Created root folder entry: /data/media/tv
2026-03-09 17:58:28 [INFO] [radarr] Fetching Root Folders and Profiles for Jellyseerr setup...
2026-03-09 17:58:28 [INFO] [sonarr] Fetching Root Folders and Profiles for Jellyseerr setup...
2026-03-09 17:58:28 [INFO] [Jellyfin] Ensuring default libraries exist...
2026-03-09 17:58:29 [INFO] [Jellyfin] Connecting to fetch libraries for Jellyseerr...
2026-03-09 17:58:29 [INFO] [Jellyfin] Found libraries: ['Movies', 'TV Shows']
2026-03-09 17:58:29 [INFO] [Jellyseerr] Creating authenticated session via Jellyfin login...
2026-03-09 17:58:31 [INFO] [Jellyseerr] Jellyseerr fully configured.
2026-03-09 17:58:32 [INFO] --- Installer Script Session Complete ---
